\BOOKMARK [1][-]{section.1}{\376\377\000I\000n\000t\000r\000o\000d\000u\000c\000c\000i\000\363\000n}{}% 1
\BOOKMARK [2][-]{subsection.1.1}{\376\377\000C\000o\000n\000t\000e\000x\000t\000o\000\040\000d\000e\000l\000\040\000p\000r\000o\000y\000e\000c\000t\000o}{section.1}% 2
\BOOKMARK [2][-]{subsection.1.2}{\376\377\000O\000b\000j\000e\000t\000i\000v\000o\000s\000\040\000d\000e\000\040\000l\000a\000\040\000d\000o\000c\000k\000e\000r\000i\000z\000a\000c\000i\000\363\000n}{section.1}% 3
\BOOKMARK [2][-]{subsection.1.3}{\376\377\000T\000e\000c\000n\000o\000l\000o\000g\000\355\000a\000s\000\040\000u\000t\000i\000l\000i\000z\000a\000d\000a\000s}{section.1}% 4
\BOOKMARK [1][-]{section.2}{\376\377\000F\000u\000n\000d\000a\000m\000e\000n\000t\000o\000s\000\040\000t\000e\000\363\000r\000i\000c\000o\000s}{}% 5
\BOOKMARK [2][-]{subsection.2.1}{\376\377\000\277\000Q\000u\000\351\000\040\000e\000s\000\040\000D\000o\000c\000k\000e\000r\000?}{section.2}% 6
\BOOKMARK [2][-]{subsection.2.2}{\376\377\000C\000o\000n\000t\000e\000n\000e\000d\000o\000r\000e\000s\000\040\000v\000s\000\040\000M\000\341\000q\000u\000i\000n\000a\000s\000\040\000V\000i\000r\000t\000u\000a\000l\000e\000s}{section.2}% 7
\BOOKMARK [2][-]{subsection.2.3}{\376\377\000C\000o\000n\000c\000e\000p\000t\000o\000s\000\040\000c\000l\000a\000v\000e}{section.2}% 8
\BOOKMARK [2][-]{subsection.2.4}{\376\377\000D\000o\000c\000k\000e\000r\000\040\000C\000o\000m\000p\000o\000s\000e}{section.2}% 9
\BOOKMARK [1][-]{section.3}{\376\377\000A\000r\000q\000u\000i\000t\000e\000c\000t\000u\000r\000a}{}% 10
\BOOKMARK [2][-]{subsection.3.1}{\376\377\000D\000e\000s\000c\000r\000i\000p\000c\000i\000\363\000n\000\040\000d\000e\000\040\000l\000a\000\040\000A\000P\000I}{section.3}% 11
\BOOKMARK [2][-]{subsection.3.2}{\376\377\000C\000o\000m\000p\000o\000n\000e\000n\000t\000e\000s\000\040\000d\000e\000l\000\040\000s\000i\000s\000t\000e\000m\000a}{section.3}% 12
\BOOKMARK [2][-]{subsection.3.3}{\376\377\000D\000i\000a\000g\000r\000a\000m\000a\000\040\000d\000e\000\040\000a\000r\000q\000u\000i\000t\000e\000c\000t\000u\000r\000a}{section.3}% 13
\BOOKMARK [2][-]{subsection.3.4}{\376\377\000F\000l\000u\000j\000o\000\040\000d\000e\000\040\000c\000o\000m\000u\000n\000i\000c\000a\000c\000i\000\363\000n}{section.3}% 14
\BOOKMARK [1][-]{section.4}{\376\377\000C\000o\000n\000s\000t\000r\000u\000c\000c\000i\000\363\000n\000\040\000d\000e\000\040\000l\000a\000\040\000i\000m\000a\000g\000e\000n}{}% 15
\BOOKMARK [2][-]{subsection.4.1}{\376\377\000D\000o\000c\000k\000e\000r\000f\000i\000l\000e}{section.4}% 16
\BOOKMARK [2][-]{subsection.4.2}{\376\377\000A\000n\000\341\000l\000i\000s\000i\000s\000\040\000d\000e\000l\000\040\000d\000o\000c\000k\000e\000r\000f\000i\000l\000e}{section.4}% 17
\BOOKMARK [1][-]{section.5}{\376\377\000D\000o\000c\000k\000e\000r\000\040\000C\000o\000m\000p\000o\000s\000e\000:\000\040\000O\000r\000q\000u\000e\000s\000t\000a\000c\000i\000\363\000n\000\040\000d\000e\000\040\000s\000e\000r\000v\000i\000c\000i\000o\000s}{}% 18
\BOOKMARK [2][-]{subsection.5.1}{\376\377\000E\000s\000t\000r\000u\000c\000t\000u\000r\000a\000\040\000d\000e\000l\000\040\000a\000r\000c\000h\000i\000v\000o\000\040\000d\000o\000c\000k\000e\000r\000-\000c\000o\000m\000p\000o\000s\000e\000.\000y\000m\000l}{section.5}% 19
\BOOKMARK [2][-]{subsection.5.2}{\376\377\000S\000e\000r\000v\000i\000c\000i\000o\000s}{section.5}% 20
\BOOKMARK [2][-]{subsection.5.3}{\376\377\000C\000o\000n\000f\000i\000g\000u\000r\000a\000c\000i\000\363\000n\000\040\000d\000e\000\040\000v\000o\000l\000\372\000m\000e\000n\000e\000s}{section.5}% 21
\BOOKMARK [2][-]{subsection.5.4}{\376\377\000V\000a\000r\000i\000a\000b\000l\000e\000s\000\040\000d\000e\000\040\000e\000n\000t\000o\000r\000n\000o}{section.5}% 22
\BOOKMARK [2][-]{subsection.5.5}{\376\377\000D\000e\000p\000e\000n\000d\000e\000n\000c\000i\000a\000s\000\040\000e\000n\000t\000r\000e\000\040\000s\000e\000r\000v\000i\000c\000i\000o\000s}{section.5}% 23
\BOOKMARK [1][-]{section.6}{\376\377\000P\000r\000o\000c\000e\000s\000o\000\040\000d\000e\000\040\000d\000o\000c\000k\000e\000r\000i\000z\000a\000c\000i\000\363\000n}{}% 24
\BOOKMARK [2][-]{subsection.6.1}{\376\377\000P\000r\000e\000p\000a\000r\000a\000c\000i\000\363\000n\000\040\000d\000e\000l\000\040\000e\000n\000t\000o\000r\000n\000o}{section.6}% 25
\BOOKMARK [2][-]{subsection.6.2}{\376\377\000C\000o\000n\000s\000t\000r\000u\000c\000c\000i\000\363\000n\000\040\000d\000e\000\040\000l\000a\000\040\000i\000m\000a\000g\000e\000n}{section.6}% 26
\BOOKMARK [2][-]{subsection.6.3}{\376\377\000C\000r\000e\000a\000c\000i\000\363\000n\000\040\000y\000\040\000e\000j\000e\000c\000u\000c\000i\000\363\000n\000\040\000d\000e\000\040\000c\000o\000n\000t\000e\000n\000e\000d\000o\000r\000e\000s}{section.6}% 27
\BOOKMARK [2][-]{subsection.6.4}{\376\377\000V\000e\000r\000i\000f\000i\000c\000a\000c\000i\000\363\000n\000\040\000d\000e\000l\000\040\000f\000u\000n\000c\000i\000o\000n\000a\000m\000i\000e\000n\000t\000o}{section.6}% 28
\BOOKMARK [1][-]{section.7}{\376\377\000C\000o\000m\000a\000n\000d\000o\000s\000\040\000D\000o\000c\000k\000e\000r\000\040\000\372\000t\000i\000l\000e\000s}{}% 29
\BOOKMARK [2][-]{subsection.7.1}{\376\377\000C\000o\000m\000a\000n\000d\000o\000s\000\040\000b\000\341\000s\000i\000c\000o\000s}{section.7}% 30
\BOOKMARK [2][-]{subsection.7.2}{\376\377\000G\000e\000s\000t\000i\000\363\000n\000\040\000d\000e\000\040\000i\000m\000\341\000g\000e\000n\000e\000s}{section.7}% 31
\BOOKMARK [2][-]{subsection.7.3}{\376\377\000G\000e\000s\000t\000i\000\363\000n\000\040\000d\000e\000\040\000c\000o\000n\000t\000e\000n\000e\000d\000o\000r\000e\000s}{section.7}% 32
\BOOKMARK [2][-]{subsection.7.4}{\376\377\000D\000o\000c\000k\000e\000r\000\040\000C\000o\000m\000p\000o\000s\000e\000\040\000C\000L\000I}{section.7}% 33
\BOOKMARK [2][-]{subsection.7.5}{\376\377\000C\000o\000m\000a\000n\000d\000o\000s\000\040\000d\000e\000\040\000d\000e\000p\000u\000r\000a\000c\000i\000\363\000n}{section.7}% 34
\BOOKMARK [1][-]{section.8}{\376\377\000R\000e\000d\000e\000s\000\040\000y\000\040\000c\000o\000m\000u\000n\000i\000c\000a\000c\000i\000\363\000n}{}% 35
\BOOKMARK [2][-]{subsection.8.1}{\376\377\000R\000e\000d\000\040\000p\000o\000r\000\040\000d\000e\000f\000e\000c\000t\000o\000\040\000d\000e\000\040\000D\000o\000c\000k\000e\000r\000\040\000C\000o\000m\000p\000o\000s\000e}{section.8}% 36
\BOOKMARK [2][-]{subsection.8.2}{\376\377\000R\000e\000s\000o\000l\000u\000c\000i\000\363\000n\000\040\000d\000e\000\040\000n\000o\000m\000b\000r\000e\000s\000\040\000D\000N\000S}{section.8}% 37
\BOOKMARK [2][-]{subsection.8.3}{\376\377\000C\000o\000m\000u\000n\000i\000c\000a\000c\000i\000\363\000n\000\040\000e\000n\000t\000r\000e\000\040\000c\000o\000n\000t\000e\000n\000e\000d\000o\000r\000e\000s}{section.8}% 38
\BOOKMARK [1][-]{section.9}{\376\377\000P\000e\000r\000s\000i\000s\000t\000e\000n\000c\000i\000a\000\040\000d\000e\000\040\000d\000a\000t\000o\000s}{}% 39
\BOOKMARK [2][-]{subsection.9.1}{\376\377\000V\000o\000l\000\372\000m\000e\000n\000e\000s\000\040\000e\000n\000\040\000D\000o\000c\000k\000e\000r}{section.9}% 40
\BOOKMARK [2][-]{subsection.9.2}{\376\377\000V\000o\000l\000u\000m\000e\000n\000\040\000m\000o\000n\000g\000o\000\137\000d\000a\000t\000a}{section.9}% 41
\BOOKMARK [2][-]{subsection.9.3}{\376\377\000B\000a\000c\000k\000u\000p\000\040\000y\000\040\000r\000e\000c\000u\000p\000e\000r\000a\000c\000i\000\363\000n}{section.9}% 42
\BOOKMARK [1][-]{section.10}{\376\377\000P\000r\000u\000e\000b\000a\000s\000\040\000y\000\040\000v\000a\000l\000i\000d\000a\000c\000i\000\363\000n}{}% 43
\BOOKMARK [2][-]{subsection.10.1}{\376\377\000V\000e\000r\000i\000f\000i\000c\000a\000c\000i\000\363\000n\000\040\000d\000e\000\040\000c\000o\000n\000t\000e\000n\000e\000d\000o\000r\000e\000s\000\040\000a\000c\000t\000i\000v\000o\000s}{section.10}% 44
\BOOKMARK [2][-]{subsection.10.2}{\376\377\000P\000r\000u\000e\000b\000a\000s\000\040\000d\000e\000\040\000c\000o\000n\000e\000c\000t\000i\000v\000i\000d\000a\000d}{section.10}% 45
\BOOKMARK [2][-]{subsection.10.3}{\376\377\000P\000r\000u\000e\000b\000a\000s\000\040\000d\000e\000\040\000e\000n\000d\000p\000o\000i\000n\000t\000s}{section.10}% 46
\BOOKMARK [2][-]{subsection.10.4}{\376\377\000L\000o\000g\000s\000\040\000y\000\040\000m\000o\000n\000i\000t\000o\000r\000i\000z\000a\000c\000i\000\363\000n}{section.10}% 47
\BOOKMARK [1][-]{section.11}{\376\377\000O\000p\000t\000i\000m\000i\000z\000a\000c\000i\000o\000n\000e\000s\000\040\000y\000\040\000m\000e\000j\000o\000r\000a\000s}{}% 48
\BOOKMARK [2][-]{subsection.11.1}{\376\377\000O\000p\000t\000i\000m\000i\000z\000a\000c\000i\000\363\000n\000\040\000d\000e\000l\000\040\000D\000o\000c\000k\000e\000r\000f\000i\000l\000e}{section.11}% 49
\BOOKMARK [2][-]{subsection.11.2}{\376\377\000M\000u\000l\000t\000i\000-\000s\000t\000a\000g\000e\000\040\000b\000u\000i\000l\000d\000s}{section.11}% 50
\BOOKMARK [2][-]{subsection.11.3}{\376\377\000R\000e\000d\000u\000c\000c\000i\000\363\000n\000\040\000d\000e\000l\000\040\000t\000a\000m\000a\000\361\000o\000\040\000d\000e\000\040\000l\000a\000\040\000i\000m\000a\000g\000e\000n}{section.11}% 51
\BOOKMARK [2][-]{subsection.11.4}{\376\377\000C\000a\000c\000h\000e\000\040\000d\000e\000\040\000c\000a\000p\000a\000s}{section.11}% 52
\BOOKMARK [1][-]{section.12}{\376\377\000S\000e\000g\000u\000r\000i\000d\000a\000d}{}% 53
\BOOKMARK [2][-]{subsection.12.1}{\376\377\000G\000e\000s\000t\000i\000\363\000n\000\040\000d\000e\000\040\000s\000e\000c\000r\000e\000t\000o\000s}{section.12}% 54
\BOOKMARK [2][-]{subsection.12.2}{\376\377\000U\000s\000u\000a\000r\000i\000o\000s\000\040\000n\000o\000\040\000p\000r\000i\000v\000i\000l\000e\000g\000i\000a\000d\000o\000s}{section.12}% 55
\BOOKMARK [2][-]{subsection.12.3}{\376\377\000E\000s\000c\000a\000n\000e\000o\000\040\000d\000e\000\040\000v\000u\000l\000n\000e\000r\000a\000b\000i\000l\000i\000d\000a\000d\000e\000s}{section.12}% 56
\BOOKMARK [2][-]{subsection.12.4}{\376\377\000A\000c\000t\000u\000a\000l\000i\000z\000a\000c\000i\000\363\000n\000\040\000d\000e\000\040\000i\000m\000\341\000g\000e\000n\000e\000s\000\040\000b\000a\000s\000e}{section.12}% 57
\BOOKMARK [1][-]{section.13}{\376\377\000D\000e\000s\000p\000l\000i\000e\000g\000u\000e\000\040\000e\000n\000\040\000p\000r\000o\000d\000u\000c\000c\000i\000\363\000n}{}% 58
\BOOKMARK [2][-]{subsection.13.1}{\376\377\000D\000i\000f\000e\000r\000e\000n\000c\000i\000a\000s\000\040\000c\000o\000n\000\040\000d\000e\000s\000a\000r\000r\000o\000l\000l\000o}{section.13}% 59
\BOOKMARK [2][-]{subsection.13.2}{\376\377\000C\000o\000n\000f\000i\000g\000u\000r\000a\000c\000i\000\363\000n\000\040\000p\000a\000r\000a\000\040\000p\000r\000o\000d\000u\000c\000c\000i\000\363\000n}{section.13}% 60
\BOOKMARK [2][-]{subsection.13.3}{\376\377\000E\000s\000c\000a\000l\000a\000b\000i\000l\000i\000d\000a\000d}{section.13}% 61
\BOOKMARK [2][-]{subsection.13.4}{\376\377\000H\000e\000r\000r\000a\000m\000i\000e\000n\000t\000a\000s\000\040\000d\000e\000\040\000o\000r\000q\000u\000e\000s\000t\000a\000c\000i\000\363\000n}{section.13}% 62
\BOOKMARK [1][-]{section.14}{\376\377\000T\000r\000o\000u\000b\000l\000e\000s\000h\000o\000o\000t\000i\000n\000g}{}% 63
\BOOKMARK [2][-]{subsection.14.1}{\376\377\000P\000r\000o\000b\000l\000e\000m\000a\000s\000\040\000c\000o\000m\000u\000n\000e\000s}{section.14}% 64
\BOOKMARK [2][-]{subsection.14.2}{\376\377\000E\000r\000r\000o\000r\000e\000s\000\040\000d\000e\000\040\000c\000o\000n\000e\000x\000i\000\363\000n}{section.14}% 65
\BOOKMARK [2][-]{subsection.14.3}{\376\377\000P\000r\000o\000b\000l\000e\000m\000a\000s\000\040\000d\000e\000\040\000p\000e\000r\000m\000i\000s\000o\000s}{section.14}% 66
\BOOKMARK [2][-]{subsection.14.4}{\376\377\000D\000e\000b\000u\000g\000g\000i\000n\000g\000\040\000d\000e\000\040\000c\000o\000n\000t\000e\000n\000e\000d\000o\000r\000e\000s}{section.14}% 67
\BOOKMARK [1][-]{section.15}{\376\377\000C\000o\000n\000c\000l\000u\000s\000i\000o\000n\000e\000s}{}% 68
\BOOKMARK [2][-]{subsection.15.1}{\376\377\000V\000e\000n\000t\000a\000j\000a\000s\000\040\000d\000e\000\040\000l\000a\000\040\000d\000o\000c\000k\000e\000r\000i\000z\000a\000c\000i\000\363\000n}{section.15}% 69
\BOOKMARK [2][-]{subsection.15.2}{\376\377\000R\000e\000s\000u\000l\000t\000a\000d\000o\000s\000\040\000o\000b\000t\000e\000n\000i\000d\000o\000s}{section.15}% 70
\BOOKMARK [2][-]{subsection.15.3}{\376\377\000T\000r\000a\000b\000a\000j\000o\000\040\000f\000u\000t\000u\000r\000o}{section.15}% 71
\BOOKMARK [1][-]{section.16}{\376\377\000R\000e\000f\000e\000r\000e\000n\000c\000i\000a\000s}{}% 72
\BOOKMARK [2][-]{subsection.16.1}{\376\377\000D\000o\000c\000u\000m\000e\000n\000t\000a\000c\000i\000\363\000n\000\040\000o\000f\000i\000c\000i\000a\000l}{section.16}% 73
\BOOKMARK [2][-]{subsection.16.2}{\376\377\000R\000e\000c\000u\000r\000s\000o\000s\000\040\000a\000d\000i\000c\000i\000o\000n\000a\000l\000e\000s}{section.16}% 74
